<?xml version="1.0" encoding="UTF-8"?>
<testng-results skipped="0" failed="0" total="2" passed="2">
  <reporter-output>
  </reporter-output>
  <suite name="Default suite" duration-ms="43225" started-at="2021-05-21T12:25:28Z" finished-at="2021-05-21T12:26:11Z">
    <groups>
    </groups>
    <test name="Default test" duration-ms="43225" started-at="2021-05-21T12:25:28Z" finished-at="2021-05-21T12:26:11Z">
      <class name="com.synchronizationWait.TestClass">
        <test-method status="PASS" signature="initializeWebEnvironment()[pri:0, instance:com.synchronizationWait.TestClass@1c53fd30]" name="initializeWebEnvironment" is-config="true" duration-ms="34221" started-at="2021-05-21T17:55:28Z" finished-at="2021-05-21T17:56:02Z">
          <reporter-output>
          </reporter-output>
        </test-method> <!-- initializeWebEnvironment -->
        <test-method status="PASS" signature="verifyAmazonPageTitle()[pri:0, instance:com.synchronizationWait.TestClass@1c53fd30]" name="verifyAmazonPageTitle" duration-ms="460" started-at="2021-05-21T17:56:02Z" finished-at="2021-05-21T17:56:03Z">
          <reporter-output>
          </reporter-output>
        </test-method> <!-- verifyAmazonPageTitle -->
        <test-method status="PASS" signature="verifyAmazonPayLink()[pri:0, instance:com.synchronizationWait.TestClass@1c53fd30]" name="verifyAmazonPayLink" duration-ms="6644" started-at="2021-05-21T17:56:03Z" finished-at="2021-05-21T17:56:09Z">
          <reporter-output>
          </reporter-output>
        </test-method> <!-- verifyAmazonPayLink -->
        <test-method status="PASS" signature="verifyTearDown()[pri:0, instance:com.synchronizationWait.TestClass@1c53fd30]" name="verifyTearDown" is-config="true" duration-ms="1887" started-at="2021-05-21T17:56:09Z" finished-at="2021-05-21T17:56:11Z">
          <reporter-output>
          </reporter-output>
        </test-method> <!-- verifyTearDown -->
      </class> <!-- com.synchronizationWait.TestClass -->
    </test> <!-- Default test -->
  </suite> <!-- Default suite -->
</testng-results>
