<?xml version="1.0" encoding="UTF-8"?>
<!-- Generated by org.testng.reporters.JUnitXMLReporter -->
<testsuite hostname="DESKTOP-T6M756F" name="TestNG Annotations" tests="4" failures="0" timestamp="19 May 2021 12:08:25 GMT" time="307.822" errors="0">
  <testcase name="TCID_01_VerifyAccept" time="5.525" classname="com.windowhande.AlertHandle"/>
  <testcase name="TCID_02_VerifyDismiss" time="5.302" classname="com.windowhande.AlertHandle"/>
  <testcase name="TCID_03_VerifySendkey" time="8.37" classname="com.windowhande.AlertHandle"/>
  <testcase name="TCID_01_VerifyWindowHandle" time="14.478" classname="com.windowhande.WindowHandle"/>
</testsuite> <!-- TestNG Annotations -->
